<?xml version="1.0" encoding="UTF-8"?>
<!-- Generated by org.testng.reporters.JUnitReportReporter -->
<testsuite skipped="0" hostname="DESKTOP-PKISB3R" name="com.inetbanking.testCases.TC_LoginTest_001" tests="1" failures="0" timestamp="2020-04-25T16:44:57 EDT" time="3.200" errors="0">
  <testcase name="loginTest" time="3.200" classname="com.inetbanking.testCases.TC_LoginTest_001"/>
  <system-out/>
</testsuite> <!-- com.inetbanking.testCases.TC_LoginTest_001 -->
